[10:09:45] [INIT] KubeJS 2001.6.5-build.16; MC 2001 forge
[10:09:45] [INIT] Loaded plugins:
[10:09:45] [INIT] - dev.latvian.mods.kubejs.forge.BuiltinKubeJSForgePlugin
[10:09:45] [INIT] - dev.latvian.mods.kubejs.forge.BuiltinKubeJSForgeClientPlugin
[10:09:45] [INIT] - dev.latvian.mods.kubejs.integration.forge.gamestages.GameStagesIntegration
[10:09:45] [INIT] - dev.latvian.kubejs.mekanism.MekanismKubeJSPlugin
[10:09:45] [INIT] - com.oierbravo.createmechanicalextruder.compat.kubejs.KubeJSCreateMechanicalExtruderPlugin
[10:09:45] [INIT] - dev.ftb.mods.ftbxmodcompat.ftbquests.kubejs.KubeJSIntegration
[10:09:45] [INIT] - dev.ftb.mods.ftbxmodcompat.ftbchunks.kubejs.FTBChunksKubeJSPlugin
[10:09:45] [INIT] - dev.ftb.mods.ftbxmodcompat.ftbteams.kubejs.FTBTeamsKubeJSPlugin
[10:09:45] [INIT] - com.blakebr0.cucumber.compat.kubejs.CucumberKubeJSPlugin
[10:09:45] [INIT] - com.almostreliable.ponderjs.KubePlugin
[10:09:45] [INIT] - dev.latvian.mods.kubejs.thermal.KubeJSThermalPlugin
[10:09:45] [INIT] - wootrevived.woot.compat.kubejs.WootKubeJSPlugin
[10:09:45] [INIT] - com.tom.createores.kubejs.KubeJSExcavation
[10:09:45] [INIT] - dev.latvian.mods.kubejs.create.KubeJSCreatePlugin
[10:09:45] [INIT] - dev.sorin.kubejsextendedcrafting.KubejsExtendedCraftingPlugin
[10:09:45] [INFO] Loaded script server_scripts:changed.js in 0.002 s
[10:09:45] [INFO] Loaded script server_scripts:replaced.js in 0.001 s
[10:09:45] [INFO] Loaded script server_scripts:rock_gen.js in 0.001 s
[10:09:45] [INFO] Loaded script server_scripts:simplify.js in 0.0 s
[10:09:45] [INFO] Loaded script server_scripts:the_drilling_of_the_planets.js in 0.001 s
[10:09:45] [INFO] Loaded 5/5 KubeJS server scripts in 0.012 s with 0 errors and 0 warnings
[10:09:45] [INFO] Scripts loaded
[10:09:45] [INFO] Initializing recipe event...
[10:09:46] [INFO] Processing recipes...
[10:09:46] [WARN] Failed to parse recipe 'thermal:devices/tree_extractor/tree_extractor_cherry[thermal:tree_extractor]'! Falling back to vanilla: Non [a-z0-9_.-] character in namespace of location: {\"Name\":\"minecraft:cherry_log\"}
[10:09:46] [WARN] Failed to parse recipe 'woot_revived:stygian_anvil/blue_dye_casing[woot_revived:stygian_anvil]'! Falling back to vanilla: ItemStack 'output' can't be empty!
[10:09:46] [WARN] Failed to parse recipe 'thermal:devices/tree_extractor/tree_extractor_jungle[thermal:tree_extractor]'! Falling back to vanilla: Non [a-z0-9_.-] character in namespace of location: {\"Name\":\"minecraft:jungle_log\",\"Properties\":{\"axis\":\"y\"}}
[10:09:46] [WARN] Failed to parse recipe 'mekanism:rotary/hydrofluoric_acid[mekanism:rotary]'! Falling back to vanilla: Cannot invoke "com.google.gson.JsonElement.getAsString()" because the return value of "com.google.gson.JsonObject.get(String)" is null
[10:09:46] [WARN] Failed to parse recipe 'mekanism:rotary/sulfuric_acid[mekanism:rotary]'! Falling back to vanilla: Cannot invoke "com.google.gson.JsonElement.getAsString()" because the return value of "com.google.gson.JsonObject.get(String)" is null
[10:09:46] [WARN] Failed to parse recipe 'mekanism:rotary/hydrogen_chloride[mekanism:rotary]'! Falling back to vanilla: Cannot invoke "com.google.gson.JsonElement.getAsString()" because the return value of "com.google.gson.JsonObject.get(String)" is null
[10:09:46] [WARN] Failed to parse recipe 'allthecompressed:decompress/bronze_block_1x[minecraft:crafting_shapeless]'! Falling back to vanilla: ItemStack 'result' can't be empty!
[10:09:46] [WARN] Failed to parse recipe 'woot_revived:item_infuser/gray_dye_plate[woot_revived:item_infuser]'! Falling back to vanilla: Cannot invoke "com.google.gson.JsonElement.getAsString()" because the return value of "com.google.gson.JsonObject.get(String)" is null
[10:09:46] [WARN] Failed to parse recipe 'mekanism:rotary/superheated_sodium[mekanism:rotary]'! Falling back to vanilla: Cannot invoke "com.google.gson.JsonElement.getAsString()" because the return value of "com.google.gson.JsonObject.get(String)" is null
[10:09:46] [WARN] Failed to parse recipe 'mekanism:processing/copper/slurry/clean[mekanism:washing]'! Falling back to vanilla: Cannot invoke "com.google.gson.JsonElement.getAsString()" because the return value of "com.google.gson.JsonObject.get(String)" is null
[10:09:46] [WARN] Failed to parse recipe 'mekanism:processing/gold/slurry/clean[mekanism:washing]'! Falling back to vanilla: Cannot invoke "com.google.gson.JsonElement.getAsString()" because the return value of "com.google.gson.JsonObject.get(String)" is null
[10:09:46] [WARN] Failed to parse recipe 'allthecompressed:decompress/vibranium_allthemodium_alloy_block_1x[minecraft:crafting_shapeless]'! Falling back to vanilla: ItemStack 'result' can't be empty!
[10:09:46] [WARN] Failed to parse recipe 'woot_revived:item_infuser/black_dye_plate[woot_revived:item_infuser]'! Falling back to vanilla: Cannot invoke "com.google.gson.JsonElement.getAsString()" because the return value of "com.google.gson.JsonObject.get(String)" is null
[10:09:46] [WARN] Failed to parse recipe 'allthecompressed:decompress/platinum_block_1x[minecraft:crafting_shapeless]'! Falling back to vanilla: ItemStack 'result' can't be empty!
[10:09:46] [WARN] Failed to parse recipe 'woot_revived:item_infuser/magma_block[woot_revived:item_infuser]'! Falling back to vanilla: Cannot invoke "com.google.gson.JsonElement.getAsString()" because the return value of "com.google.gson.JsonObject.get(String)" is null
[10:09:46] [WARN] Failed to parse recipe 'woot_revived:stygian_anvil/cyan_dye_casing[woot_revived:stygian_anvil]'! Falling back to vanilla: ItemStack 'output' can't be empty!
[10:09:46] [WARN] Failed to parse recipe 'woot_revived:item_infuser/light_gray_dye_plate[woot_revived:item_infuser]'! Falling back to vanilla: Cannot invoke "com.google.gson.JsonElement.getAsString()" because the return value of "com.google.gson.JsonObject.get(String)" is null
[10:09:46] [WARN] Failed to parse recipe 'woot_revived:item_infuser/purple_dye_plate[woot_revived:item_infuser]'! Falling back to vanilla: Cannot invoke "com.google.gson.JsonElement.getAsString()" because the return value of "com.google.gson.JsonObject.get(String)" is null
[10:09:46] [WARN] Failed to parse recipe 'woot_revived:stygian_anvil/magenta_dye_casing[woot_revived:stygian_anvil]'! Falling back to vanilla: ItemStack 'output' can't be empty!
[10:09:46] [WARN] Failed to parse recipe 'mekanism:rotary/sulfur_trioxide[mekanism:rotary]'! Falling back to vanilla: Cannot invoke "com.google.gson.JsonElement.getAsString()" because the return value of "com.google.gson.JsonObject.get(String)" is null
[10:09:46] [WARN] Failed to parse recipe 'woot_revived:item_infuser/gold_enchanted_plate[woot_revived:item_infuser]'! Falling back to vanilla: Cannot invoke "com.google.gson.JsonElement.getAsString()" because the return value of "com.google.gson.JsonObject.get(String)" is null
[10:09:46] [WARN] Failed to parse recipe 'allthecompressed:decompress/unobtainium_block_1x[minecraft:crafting_shapeless]'! Falling back to vanilla: ItemStack 'result' can't be empty!
[10:09:46] [WARN] Failed to parse recipe 'mekanism:processing/lategame/polonium_pellet/from_reaction[mekanism:reaction]'! Falling back to vanilla: Cannot invoke "com.google.gson.JsonElement.getAsString()" because the return value of "com.google.gson.JsonObject.get(String)" is null
[10:09:46] [WARN] Failed to parse recipe 'allthecompressed:decompress/zinc_block_1x[minecraft:crafting_shapeless]'! Falling back to vanilla: ItemStack 'result' can't be empty!
[10:09:46] [WARN] Failed to parse recipe 'mekanism:processing/lategame/plutonium_pellet/from_reaction[mekanism:reaction]'! Falling back to vanilla: Cannot invoke "com.google.gson.JsonElement.getAsString()" because the return value of "com.google.gson.JsonObject.get(String)" is null
[10:09:46] [WARN] Failed to parse recipe 'mekanism:reaction/wood_gasification/wooden_slabs[mekanism:reaction]'! Falling back to vanilla: Cannot invoke "com.google.gson.JsonElement.getAsString()" because the return value of "com.google.gson.JsonObject.get(String)" is null
[10:09:46] [WARN] Failed to parse recipe 'woot_revived:stygian_anvil/brown_dye_casing[woot_revived:stygian_anvil]'! Falling back to vanilla: ItemStack 'output' can't be empty!
[10:09:46] [WARN] Failed to parse recipe 'allthecompressed:decompress/uraninite_block_1x[minecraft:crafting_shapeless]'! Falling back to vanilla: ItemStack 'result' can't be empty!
[10:09:46] [WARN] Failed to parse recipe 'allthecompressed:decompress/invar_block_1x[minecraft:crafting_shapeless]'! Falling back to vanilla: ItemStack 'result' can't be empty!
[10:09:46] [WARN] Failed to parse recipe 'woot_revived:stygian_anvil/plate_mold[woot_revived:stygian_anvil]'! Falling back to vanilla: ItemStack 'output' can't be empty!
[10:09:46] [WARN] Failed to parse recipe 'thermal:devices/tree_extractor/tree_extractor_birch[thermal:tree_extractor]'! Falling back to vanilla: Non [a-z0-9_.-] character in namespace of location: {\"Name\":\"minecraft:birch_log\",\"Properties\":{\"axis\":\"y\"}}
[10:09:46] [WARN] Failed to parse recipe 'woot_revived:stygian_anvil/mob_shard[woot_revived:stygian_anvil]'! Falling back to vanilla: ItemStack 'output' can't be empty!
[10:09:46] [WARN] Failed to parse recipe 'allthecompressed:decompress/nickel_block_1x[minecraft:crafting_shapeless]'! Falling back to vanilla: ItemStack 'result' can't be empty!
[10:09:46] [WARN] Failed to parse recipe 'allthecompressed:decompress/blazing_crystal_block_1x[minecraft:crafting_shapeless]'! Falling back to vanilla: ItemStack 'result' can't be empty!
[10:09:46] [WARN] Failed to parse recipe 'allthecompressed:decompress/ruby_block_1x[minecraft:crafting_shapeless]'! Falling back to vanilla: ItemStack 'result' can't be empty!
[10:09:46] [WARN] Failed to parse recipe 'woot_revived:item_infuser/orange_dye_plate[woot_revived:item_infuser]'! Falling back to vanilla: Cannot invoke "com.google.gson.JsonElement.getAsString()" because the return value of "com.google.gson.JsonObject.get(String)" is null
[10:09:46] [WARN] Failed to parse recipe 'allthecompressed:decompress/silver_block_1x[minecraft:crafting_shapeless]'! Falling back to vanilla: ItemStack 'result' can't be empty!
[10:09:46] [WARN] Failed to parse recipe 'allthecompressed:decompress/flint_block_1x[minecraft:crafting_shapeless]'! Falling back to vanilla: ItemStack 'result' can't be empty!
[10:09:46] [WARN] Failed to parse recipe 'woot_revived:item_infuser/blue_dye_plate[woot_revived:item_infuser]'! Falling back to vanilla: Cannot invoke "com.google.gson.JsonElement.getAsString()" because the return value of "com.google.gson.JsonObject.get(String)" is null
[10:09:46] [WARN] Failed to parse recipe 'woot_revived:stygian_anvil/white_dye_casing[woot_revived:stygian_anvil]'! Falling back to vanilla: ItemStack 'output' can't be empty!
[10:09:46] [WARN] Failed to parse recipe 'woot_revived:stygian_anvil/stygian_plate[woot_revived:stygian_anvil]'! Falling back to vanilla: ItemStack 'output' can't be empty!
[10:09:46] [WARN] Failed to parse recipe 'woot_revived:item_infuser/brown_dye_plate[woot_revived:item_infuser]'! Falling back to vanilla: Cannot invoke "com.google.gson.JsonElement.getAsString()" because the return value of "com.google.gson.JsonObject.get(String)" is null
[10:09:46] [WARN] Failed to parse recipe 'woot_revived:fluid_infuser/mob_tears_1[woot_revived:fluid_infuser]'! Falling back to vanilla: Cannot invoke "com.google.gson.JsonElement.getAsString()" because the return value of "com.google.gson.JsonObject.get(String)" is null
[10:09:46] [WARN] Failed to parse recipe 'woot_revived:fluid_infuser/mob_tears_0[woot_revived:fluid_infuser]'! Falling back to vanilla: Cannot invoke "com.google.gson.JsonElement.getAsString()" because the return value of "com.google.gson.JsonObject.get(String)" is null
[10:09:46] [WARN] Failed to parse recipe 'woot_revived:fluid_infuser/mob_tears_3[woot_revived:fluid_infuser]'! Falling back to vanilla: Cannot invoke "com.google.gson.JsonElement.getAsString()" because the return value of "com.google.gson.JsonObject.get(String)" is null
[10:09:46] [WARN] Failed to parse recipe 'woot_revived:fluid_infuser/mob_tears_2[woot_revived:fluid_infuser]'! Falling back to vanilla: Cannot invoke "com.google.gson.JsonElement.getAsString()" because the return value of "com.google.gson.JsonObject.get(String)" is null
[10:09:46] [WARN] Failed to parse recipe 'woot_revived:fluid_infuser/mob_tears_5[woot_revived:fluid_infuser]'! Falling back to vanilla: Cannot invoke "com.google.gson.JsonElement.getAsString()" because the return value of "com.google.gson.JsonObject.get(String)" is null
[10:09:46] [WARN] Failed to parse recipe 'woot_revived:fluid_infuser/mob_tears_4[woot_revived:fluid_infuser]'! Falling back to vanilla: Cannot invoke "com.google.gson.JsonElement.getAsString()" because the return value of "com.google.gson.JsonObject.get(String)" is null
[10:09:46] [WARN] Failed to parse recipe 'woot_revived:fluid_infuser/mob_tears_7[woot_revived:fluid_infuser]'! Falling back to vanilla: Cannot invoke "com.google.gson.JsonElement.getAsString()" because the return value of "com.google.gson.JsonObject.get(String)" is null
[10:09:46] [WARN] Failed to parse recipe 'woot_revived:fluid_infuser/mob_tears_6[woot_revived:fluid_infuser]'! Falling back to vanilla: Cannot invoke "com.google.gson.JsonElement.getAsString()" because the return value of "com.google.gson.JsonObject.get(String)" is null
[10:09:46] [WARN] Failed to parse recipe 'woot_revived:fluid_infuser/mob_tears_9[woot_revived:fluid_infuser]'! Falling back to vanilla: Cannot invoke "com.google.gson.JsonElement.getAsString()" because the return value of "com.google.gson.JsonObject.get(String)" is null
[10:09:46] [WARN] Failed to parse recipe 'woot_revived:fluid_infuser/mob_tears_8[woot_revived:fluid_infuser]'! Falling back to vanilla: Cannot invoke "com.google.gson.JsonElement.getAsString()" because the return value of "com.google.gson.JsonObject.get(String)" is null
[10:09:46] [WARN] Failed to parse recipe 'mekanism:reaction/coal_gasification/blocks_coals[mekanism:reaction]'! Falling back to vanilla: Cannot invoke "com.google.gson.JsonElement.getAsString()" because the return value of "com.google.gson.JsonObject.get(String)" is null
[10:09:46] [WARN] Failed to parse recipe 'woot_revived:item_infuser/pink_dye_plate[woot_revived:item_infuser]'! Falling back to vanilla: Cannot invoke "com.google.gson.JsonElement.getAsString()" because the return value of "com.google.gson.JsonObject.get(String)" is null
[10:09:46] [WARN] Failed to parse recipe 'allthecompressed:decompress/tin_block_1x[minecraft:crafting_shapeless]'! Falling back to vanilla: ItemStack 'result' can't be empty!
[10:09:46] [WARN] Failed to parse recipe 'woot_revived:item_infuser/red_dye_plate[woot_revived:item_infuser]'! Falling back to vanilla: Cannot invoke "com.google.gson.JsonElement.getAsString()" because the return value of "com.google.gson.JsonObject.get(String)" is null
[10:09:46] [WARN] Failed to parse recipe 'woot_revived:stygian_anvil/purple_dye_casing[woot_revived:stygian_anvil]'! Falling back to vanilla: ItemStack 'output' can't be empty!
[10:09:46] [WARN] Failed to parse recipe 'mekanism:rotary/chlorine[mekanism:rotary]'! Falling back to vanilla: Cannot invoke "com.google.gson.JsonElement.getAsString()" because the return value of "com.google.gson.JsonObject.get(String)" is null
[10:09:46] [WARN] Failed to parse recipe 'mekanism:reaction/coal_gasification/dusts_coals[mekanism:reaction]'! Falling back to vanilla: Cannot invoke "com.google.gson.JsonElement.getAsString()" because the return value of "com.google.gson.JsonObject.get(String)" is null
[10:09:46] [WARN] Failed to parse recipe 'mekanism:processing/osmium/slurry/clean[mekanism:washing]'! Falling back to vanilla: Cannot invoke "com.google.gson.JsonElement.getAsString()" because the return value of "com.google.gson.JsonObject.get(String)" is null
[10:09:46] [WARN] Failed to parse recipe 'woot_revived:item_infuser/fire_charge[woot_revived:item_infuser]'! Falling back to vanilla: Cannot invoke "com.google.gson.JsonElement.getAsString()" because the return value of "com.google.gson.JsonObject.get(String)" is null
[10:09:46] [WARN] Failed to parse recipe 'allthecompressed:decompress/spirited_crystal_block_1x[minecraft:crafting_shapeless]'! Falling back to vanilla: ItemStack 'result' can't be empty!
[10:09:46] [WARN] Failed to parse recipe 'allthecompressed:decompress/constantan_block_1x[minecraft:crafting_shapeless]'! Falling back to vanilla: ItemStack 'result' can't be empty!
[10:09:46] [WARN] Failed to parse recipe 'allthecompressed:decompress/peridot_block_1x[minecraft:crafting_shapeless]'! Falling back to vanilla: ItemStack 'result' can't be empty!
[10:09:46] [WARN] Failed to parse recipe 'woot_revived:fluid_infuser/vitality_fuel_12[woot_revived:fluid_infuser]'! Falling back to vanilla: Cannot invoke "com.google.gson.JsonElement.getAsString()" because the return value of "com.google.gson.JsonObject.get(String)" is null
[10:09:46] [WARN] Failed to parse recipe 'woot_revived:fluid_infuser/vitality_fuel_11[woot_revived:fluid_infuser]'! Falling back to vanilla: Cannot invoke "com.google.gson.JsonElement.getAsString()" because the return value of "com.google.gson.JsonObject.get(String)" is null
[10:09:46] [WARN] Failed to parse recipe 'woot_revived:fluid_infuser/vitality_fuel_10[woot_revived:fluid_infuser]'! Falling back to vanilla: Cannot invoke "com.google.gson.JsonElement.getAsString()" because the return value of "com.google.gson.JsonObject.get(String)" is null
[10:09:46] [WARN] Failed to parse recipe 'mekanism:rotary/steam[mekanism:rotary]'! Falling back to vanilla: Cannot invoke "com.google.gson.JsonElement.getAsString()" because the return value of "com.google.gson.JsonObject.get(String)" is null
[10:09:46] [WARN] Failed to parse recipe 'allthecompressed:decompress/ender_pearl_block_1x[minecraft:crafting_shapeless]'! Falling back to vanilla: ItemStack 'result' can't be empty!
[10:09:46] [WARN] Failed to parse recipe 'woot_revived:item_infuser/magenta_dye_plate[woot_revived:item_infuser]'! Falling back to vanilla: Cannot invoke "com.google.gson.JsonElement.getAsString()" because the return value of "com.google.gson.JsonObject.get(String)" is null
[10:09:46] [WARN] Failed to parse recipe 'woot_revived:stygian_anvil/fake_spawner[woot_revived:stygian_anvil]'! Falling back to vanilla: ItemStack 'output' can't be empty!
[10:09:46] [WARN] Failed to parse recipe 'woot_revived:item_infuser/lime_dye_plate[woot_revived:item_infuser]'! Falling back to vanilla: Cannot invoke "com.google.gson.JsonElement.getAsString()" because the return value of "com.google.gson.JsonObject.get(String)" is null
[10:09:46] [WARN] Failed to parse recipe 'thermal:devices/tree_extractor/tree_extractor_oak[thermal:tree_extractor]'! Falling back to vanilla: Non [a-z0-9_.-] character in namespace of location: {\"Name\":\"minecraft:oak_log\"}
[10:09:46] [WARN] Failed to parse recipe 'mekanism:reaction/coal_gasification/coals[mekanism:reaction]'! Falling back to vanilla: Cannot invoke "com.google.gson.JsonElement.getAsString()" because the return value of "com.google.gson.JsonObject.get(String)" is null
[10:09:46] [WARN] Failed to parse recipe 'mekanism:rotary/hydrogen[mekanism:rotary]'! Falling back to vanilla: Cannot invoke "com.google.gson.JsonElement.getAsString()" because the return value of "com.google.gson.JsonObject.get(String)" is null
[10:09:46] [WARN] Failed to parse recipe 'woot_revived:stygian_anvil/orange_dye_casing[woot_revived:stygian_anvil]'! Falling back to vanilla: ItemStack 'output' can't be empty!
[10:09:46] [WARN] Failed to parse recipe 'woot_revived:stygian_anvil/lime_dye_casing[woot_revived:stygian_anvil]'! Falling back to vanilla: ItemStack 'output' can't be empty!
[10:09:46] [WARN] Failed to parse recipe 'woot_revived:stygian_anvil/light_gray_dye_casing[woot_revived:stygian_anvil]'! Falling back to vanilla: ItemStack 'output' can't be empty!
[10:09:46] [WARN] Failed to parse recipe 'woot_revived:stygian_anvil/yellow_dye_casing[woot_revived:stygian_anvil]'! Falling back to vanilla: ItemStack 'output' can't be empty!
[10:09:46] [WARN] Failed to parse recipe 'woot_revived:item_infuser/light_blue_dye_plate[woot_revived:item_infuser]'! Falling back to vanilla: Cannot invoke "com.google.gson.JsonElement.getAsString()" because the return value of "com.google.gson.JsonObject.get(String)" is null
[10:09:46] [WARN] Failed to parse recipe 'woot_revived:item_infuser/netherrack[woot_revived:item_infuser]'! Falling back to vanilla: Cannot invoke "com.google.gson.JsonElement.getAsString()" because the return value of "com.google.gson.JsonObject.get(String)" is null
[10:09:46] [WARN] Failed to parse recipe 'mekanism:rotary/water_vapor[mekanism:rotary]'! Falling back to vanilla: Cannot invoke "com.google.gson.JsonElement.getAsString()" because the return value of "com.google.gson.JsonObject.get(String)" is null
[10:09:46] [WARN] Failed to parse recipe 'mekanism:rotary/uranium_oxide[mekanism:rotary]'! Falling back to vanilla: Cannot invoke "com.google.gson.JsonElement.getAsString()" because the return value of "com.google.gson.JsonObject.get(String)" is null
[10:09:46] [WARN] Failed to parse recipe 'mekanism:processing/lead/slurry/clean[mekanism:washing]'! Falling back to vanilla: Cannot invoke "com.google.gson.JsonElement.getAsString()" because the return value of "com.google.gson.JsonObject.get(String)" is null
[10:09:46] [WARN] Failed to parse recipe 'allthecompressed:decompress/sapphire_block_1x[minecraft:crafting_shapeless]'! Falling back to vanilla: ItemStack 'result' can't be empty!
[10:09:46] [WARN] Failed to parse recipe 'mekanism:reaction/substrate/ethene_oxygen[mekanism:reaction]'! Falling back to vanilla: Cannot invoke "com.google.gson.JsonElement.getAsString()" because the return value of "com.google.gson.JsonObject.get(String)" is null
[10:09:46] [WARN] Failed to parse recipe 'woot_revived:stygian_anvil/green_dye_casing[woot_revived:stygian_anvil]'! Falling back to vanilla: ItemStack 'output' can't be empty!
[10:09:46] [WARN] Failed to parse recipe 'woot_revived:item_infuser/cyan_dye_plate[woot_revived:item_infuser]'! Falling back to vanilla: Cannot invoke "com.google.gson.JsonElement.getAsString()" because the return value of "com.google.gson.JsonObject.get(String)" is null
[10:09:46] [WARN] Failed to parse recipe 'mekanism:rotary/ethene[mekanism:rotary]'! Falling back to vanilla: Cannot invoke "com.google.gson.JsonElement.getAsString()" because the return value of "com.google.gson.JsonObject.get(String)" is null
[10:09:46] [WARN] Failed to parse recipe 'allthecompressed:decompress/uranium_block_1x[minecraft:crafting_shapeless]'! Falling back to vanilla: ItemStack 'result' can't be empty!
[10:09:46] [WARN] Failed to parse recipe 'woot_revived:item_infuser/crying_obsidian[woot_revived:item_infuser]'! Falling back to vanilla: Cannot invoke "com.google.gson.JsonElement.getAsString()" because the return value of "com.google.gson.JsonObject.get(String)" is null
[10:09:46] [WARN] Failed to parse recipe 'allthecompressed:decompress/enderium_block_1x[minecraft:crafting_shapeless]'! Falling back to vanilla: ItemStack 'result' can't be empty!
[10:09:46] [WARN] Failed to parse recipe 'woot_revived:stygian_anvil/black_dye_casing[woot_revived:stygian_anvil]'! Falling back to vanilla: ItemStack 'output' can't be empty!
[10:09:46] [WARN] Failed to parse recipe 'mekmm:reaction/empty_crystal[mekanism:reaction]'! Falling back to vanilla: Cannot invoke "com.google.gson.JsonElement.getAsString()" because the return value of "com.google.gson.JsonObject.get(String)" is null
[10:09:46] [WARN] Failed to parse recipe 'allthecompressed:decompress/nether_star_block_1x[minecraft:crafting_shapeless]'! Falling back to vanilla: ItemStack 'result' can't be empty!
[10:09:46] [WARN] Failed to parse recipe 'allthecompressed:decompress/osmium_block_1x[minecraft:crafting_shapeless]'! Falling back to vanilla: ItemStack 'result' can't be empty!
[10:09:46] [WARN] Failed to parse recipe 'mekanism:rotary/sulfur_dioxide[mekanism:rotary]'! Falling back to vanilla: Cannot invoke "com.google.gson.JsonElement.getAsString()" because the return value of "com.google.gson.JsonObject.get(String)" is null
[10:09:46] [WARN] Failed to parse recipe 'mekanism:rotary/oxygen[mekanism:rotary]'! Falling back to vanilla: Cannot invoke "com.google.gson.JsonElement.getAsString()" because the return value of "com.google.gson.JsonObject.get(String)" is null
[10:09:46] [WARN] Failed to parse recipe 'woot_revived:item_infuser/white_dye_plate[woot_revived:item_infuser]'! Falling back to vanilla: Cannot invoke "com.google.gson.JsonElement.getAsString()" because the return value of "com.google.gson.JsonObject.get(String)" is null
[10:09:46] [WARN] Failed to parse recipe 'mekanism:separator/water[mekanism:separating]'! Falling back to vanilla: Cannot invoke "com.google.gson.JsonElement.getAsString()" because the return value of "com.google.gson.JsonObject.get(String)" is null
[10:09:46] [WARN] Failed to parse recipe 'mekanism:reaction/substrate/water_hydrogen[mekanism:reaction]'! Falling back to vanilla: Cannot invoke "com.google.gson.JsonElement.getAsString()" because the return value of "com.google.gson.JsonObject.get(String)" is null
[10:09:46] [WARN] Failed to parse recipe 'woot_revived:item_infuser/diamond_enchanted_plate[woot_revived:item_infuser]'! Falling back to vanilla: Cannot invoke "com.google.gson.JsonElement.getAsString()" because the return value of "com.google.gson.JsonObject.get(String)" is null
[10:09:46] [WARN] Failed to parse recipe 'mekanism:evaporating/lithium[mekanism:evaporating]'! Falling back to vanilla: Cannot invoke "com.google.gson.JsonElement.getAsString()" because the return value of "com.google.gson.JsonObject.get(String)" is null
[10:09:46] [WARN] Failed to parse recipe 'woot_revived:fluid_infuser/vitality_fuel_0[woot_revived:fluid_infuser]'! Falling back to vanilla: Cannot invoke "com.google.gson.JsonElement.getAsString()" because the return value of "com.google.gson.JsonObject.get(String)" is null
[10:09:46] [WARN] Failed to parse recipe 'woot_revived:fluid_infuser/vitality_fuel_9[woot_revived:fluid_infuser]'! Falling back to vanilla: Cannot invoke "com.google.gson.JsonElement.getAsString()" because the return value of "com.google.gson.JsonObject.get(String)" is null
[10:09:46] [WARN] Failed to parse recipe 'woot_revived:fluid_infuser/vitality_fuel_8[woot_revived:fluid_infuser]'! Falling back to vanilla: Cannot invoke "com.google.gson.JsonElement.getAsString()" because the return value of "com.google.gson.JsonObject.get(String)" is null
[10:09:46] [WARN] Failed to parse recipe 'woot_revived:fluid_infuser/vitality_fuel_7[woot_revived:fluid_infuser]'! Falling back to vanilla: Cannot invoke "com.google.gson.JsonElement.getAsString()" because the return value of "com.google.gson.JsonObject.get(String)" is null
[10:09:46] [WARN] Failed to parse recipe 'woot_revived:fluid_infuser/vitality_fuel_6[woot_revived:fluid_infuser]'! Falling back to vanilla: Cannot invoke "com.google.gson.JsonElement.getAsString()" because the return value of "com.google.gson.JsonObject.get(String)" is null
[10:09:46] [WARN] Failed to parse recipe 'woot_revived:fluid_infuser/vitality_fuel_5[woot_revived:fluid_infuser]'! Falling back to vanilla: Cannot invoke "com.google.gson.JsonElement.getAsString()" because the return value of "com.google.gson.JsonObject.get(String)" is null
[10:09:46] [WARN] Failed to parse recipe 'woot_revived:fluid_infuser/vitality_fuel_4[woot_revived:fluid_infuser]'! Falling back to vanilla: Cannot invoke "com.google.gson.JsonElement.getAsString()" because the return value of "com.google.gson.JsonObject.get(String)" is null
[10:09:46] [WARN] Failed to parse recipe 'woot_revived:fluid_infuser/vitality_fuel_3[woot_revived:fluid_infuser]'! Falling back to vanilla: Cannot invoke "com.google.gson.JsonElement.getAsString()" because the return value of "com.google.gson.JsonObject.get(String)" is null
[10:09:46] [WARN] Failed to parse recipe 'woot_revived:fluid_infuser/vitality_fuel_2[woot_revived:fluid_infuser]'! Falling back to vanilla: Cannot invoke "com.google.gson.JsonElement.getAsString()" because the return value of "com.google.gson.JsonObject.get(String)" is null
[10:09:46] [WARN] Failed to parse recipe 'woot_revived:fluid_infuser/vitality_fuel_1[woot_revived:fluid_infuser]'! Falling back to vanilla: Cannot invoke "com.google.gson.JsonElement.getAsString()" because the return value of "com.google.gson.JsonObject.get(String)" is null
[10:09:46] [WARN] Failed to parse recipe 'woot_revived:stygian_anvil/pink_dye_casing[woot_revived:stygian_anvil]'! Falling back to vanilla: ItemStack 'output' can't be empty!
[10:09:46] [WARN] Failed to parse recipe 'woot_revived:item_infuser/soul_soil[woot_revived:item_infuser]'! Falling back to vanilla: Cannot invoke "com.google.gson.JsonElement.getAsString()" because the return value of "com.google.gson.JsonObject.get(String)" is null
[10:09:46] [WARN] Failed to parse recipe 'mekanism:reaction/wood_gasification/wooden_stairs[mekanism:reaction]'! Falling back to vanilla: Cannot invoke "com.google.gson.JsonElement.getAsString()" because the return value of "com.google.gson.JsonObject.get(String)" is null
[10:09:46] [WARN] Failed to parse recipe 'mekanism:rotary/brine[mekanism:rotary]'! Falling back to vanilla: Cannot invoke "com.google.gson.JsonElement.getAsString()" because the return value of "com.google.gson.JsonObject.get(String)" is null
[10:09:46] [WARN] Failed to parse recipe 'mekanism:rotary/lithium[mekanism:rotary]'! Falling back to vanilla: Cannot invoke "com.google.gson.JsonElement.getAsString()" because the return value of "com.google.gson.JsonObject.get(String)" is null
[10:09:46] [WARN] Failed to parse recipe 'create_sa:andesite_exoskeleton_recipe[create:mechanical_crafting]'! Falling back to vanilla: ItemStack 'result' can't be empty!
[10:09:46] [WARN] Failed to parse recipe 'allthecompressed:decompress/energized_steel_block_1x[minecraft:crafting_shapeless]'! Falling back to vanilla: ItemStack 'result' can't be empty!
[10:09:46] [WARN] Failed to parse recipe 'allthecompressed:decompress/unobtainium_vibranium_alloy_block_1x[minecraft:crafting_shapeless]'! Falling back to vanilla: ItemStack 'result' can't be empty!
[10:09:46] [WARN] Failed to parse recipe 'allthecompressed:decompress/lead_block_1x[minecraft:crafting_shapeless]'! Falling back to vanilla: ItemStack 'result' can't be empty!
[10:09:46] [WARN] Failed to parse recipe 'allthecompressed:decompress/allthemodium_block_1x[minecraft:crafting_shapeless]'! Falling back to vanilla: ItemStack 'result' can't be empty!
[10:09:46] [WARN] Failed to parse recipe 'thermal:devices/tree_extractor/tree_extractor_dark_oak[thermal:tree_extractor]'! Falling back to vanilla: Non [a-z0-9_.-] character in namespace of location: {\"Name\":\"minecraft:dark_oak_log\",\"Properties\":{\"axis\":\"y\"}}
[10:09:46] [WARN] Failed to parse recipe 'woot_revived:stygian_anvil/copper_shard[woot_revived:stygian_anvil]'! Falling back to vanilla: ItemStack 'output' can't be empty!
[10:09:46] [WARN] Failed to parse recipe 'allthecompressed:decompress/lumium_block_1x[minecraft:crafting_shapeless]'! Falling back to vanilla: ItemStack 'result' can't be empty!
[10:09:46] [WARN] Failed to parse recipe 'allthecompressed:decompress/atm_star_block_1x[minecraft:crafting_shapeless]'! Falling back to vanilla: ItemStack 'result' can't be empty!
[10:09:46] [WARN] Failed to parse recipe 'thermal:devices/tree_extractor/tree_extractor_spruce[thermal:tree_extractor]'! Falling back to vanilla: Non [a-z0-9_.-] character in namespace of location: {\"Name\":\"minecraft:spruce_log\",\"Properties\":{\"axis\":\"y\"}}
[10:09:46] [WARN] Failed to parse recipe 'mekanism:reaction/wood_gasification/planks[mekanism:reaction]'! Falling back to vanilla: Cannot invoke "com.google.gson.JsonElement.getAsString()" because the return value of "com.google.gson.JsonObject.get(String)" is null
[10:09:46] [WARN] Failed to parse recipe 'mekanism:reaction/wood_gasification/rods_wooden[mekanism:reaction]'! Falling back to vanilla: Cannot invoke "com.google.gson.JsonElement.getAsString()" because the return value of "com.google.gson.JsonObject.get(String)" is null
[10:09:46] [WARN] Failed to parse recipe 'allthecompressed:decompress/steel_block_1x[minecraft:crafting_shapeless]'! Falling back to vanilla: ItemStack 'result' can't be empty!
[10:09:46] [WARN] Failed to parse recipe 'mekanism:processing/uranium/slurry/clean[mekanism:washing]'! Falling back to vanilla: Cannot invoke "com.google.gson.JsonElement.getAsString()" because the return value of "com.google.gson.JsonObject.get(String)" is null
[10:09:46] [WARN] Failed to parse recipe 'woot_revived:item_infuser/green_dye_plate[woot_revived:item_infuser]'! Falling back to vanilla: Cannot invoke "com.google.gson.JsonElement.getAsString()" because the return value of "com.google.gson.JsonObject.get(String)" is null
[10:09:46] [WARN] Failed to parse recipe 'allthecompressed:decompress/blaze_block_1x[minecraft:crafting_shapeless]'! Falling back to vanilla: ItemStack 'result' can't be empty!
[10:09:46] [WARN] Failed to parse recipe 'woot_revived:item_infuser/netherite_enchanted_plate[woot_revived:item_infuser]'! Falling back to vanilla: Cannot invoke "com.google.gson.JsonElement.getAsString()" because the return value of "com.google.gson.JsonObject.get(String)" is null
[10:09:46] [WARN] Failed to parse recipe 'mekanism:reaction/wood_gasification/dusts_wood[mekanism:reaction]'! Falling back to vanilla: Cannot invoke "com.google.gson.JsonElement.getAsString()" because the return value of "com.google.gson.JsonObject.get(String)" is null
[10:09:46] [WARN] Failed to parse recipe 'allthecompressed:decompress/wax_block_1x[minecraft:crafting_shapeless]'! Falling back to vanilla: ItemStack 'result' can't be empty!
[10:09:46] [WARN] Failed to parse recipe 'mekanism:rotary/uranium_hexafluoride[mekanism:rotary]'! Falling back to vanilla: Cannot invoke "com.google.gson.JsonElement.getAsString()" because the return value of "com.google.gson.JsonObject.get(String)" is null
[10:09:46] [WARN] Failed to parse recipe 'thermal:devices/tree_extractor/tree_extractor_rubberwood[thermal:tree_extractor]'! Falling back to vanilla: Non [a-z0-9_.-] character in namespace of location: {\"Name\":\"thermal:rubberwood_log\",\"Properties\":{\"axis\":\"y\"}}
[10:09:46] [WARN] Failed to parse recipe 'mekanism:separator/brine[mekanism:separating]'! Falling back to vanilla: Cannot invoke "com.google.gson.JsonElement.getAsString()" because the return value of "com.google.gson.JsonObject.get(String)" is null
[10:09:46] [WARN] Failed to parse recipe 'woot_revived:stygian_anvil/red_dye_casing[woot_revived:stygian_anvil]'! Falling back to vanilla: ItemStack 'output' can't be empty!
[10:09:46] [WARN] Failed to parse recipe 'mekanism:processing/iron/slurry/clean[mekanism:washing]'! Falling back to vanilla: Cannot invoke "com.google.gson.JsonElement.getAsString()" because the return value of "com.google.gson.JsonObject.get(String)" is null
[10:09:46] [WARN] Failed to parse recipe 'mekanism:evaporating/brine[mekanism:evaporating]'! Falling back to vanilla: Cannot invoke "com.google.gson.JsonElement.getAsString()" because the return value of "com.google.gson.JsonObject.get(String)" is null
[10:09:46] [WARN] Failed to parse recipe 'allthecompressed:decompress/ancient_log_0_1x[minecraft:crafting_shapeless]'! Falling back to vanilla: ItemStack 'result' can't be empty!
[10:09:46] [WARN] Failed to parse recipe 'mekanism:reaction/substrate/water_ethene[mekanism:reaction]'! Falling back to vanilla: Cannot invoke "com.google.gson.JsonElement.getAsString()" because the return value of "com.google.gson.JsonObject.get(String)" is null
[10:09:46] [WARN] Failed to parse recipe 'mekanism:rotary/sodium[mekanism:rotary]'! Falling back to vanilla: Cannot invoke "com.google.gson.JsonElement.getAsString()" because the return value of "com.google.gson.JsonObject.get(String)" is null
[10:09:46] [WARN] Failed to parse recipe 'woot_revived:stygian_anvil/dye_casing_mold[woot_revived:stygian_anvil]'! Falling back to vanilla: ItemStack 'output' can't be empty!
[10:09:46] [WARN] Failed to parse recipe 'mekanism:reaction/wood_gasification/logs[mekanism:reaction]'! Falling back to vanilla: Cannot invoke "com.google.gson.JsonElement.getAsString()" because the return value of "com.google.gson.JsonObject.get(String)" is null
[10:09:46] [WARN] Failed to parse recipe 'allthecompressed:decompress/unobtainium_allthemodium_alloy_block_1x[minecraft:crafting_shapeless]'! Falling back to vanilla: ItemStack 'result' can't be empty!
[10:09:46] [WARN] Failed to parse recipe 'allthecompressed:decompress/signalum_block_1x[minecraft:crafting_shapeless]'! Falling back to vanilla: ItemStack 'result' can't be empty!
[10:09:46] [WARN] Failed to parse recipe 'thermal:devices/tree_extractor/tree_extractor_acacia[thermal:tree_extractor]'! Falling back to vanilla: Non [a-z0-9_.-] character in namespace of location: {\"Name\":\"minecraft:acacia_log\",\"Properties\":{\"axis\":\"y\"}}
[10:09:46] [WARN] Failed to parse recipe 'woot_revived:item_infuser/prism[woot_revived:item_infuser]'! Falling back to vanilla: Cannot invoke "com.google.gson.JsonElement.getAsString()" because the return value of "com.google.gson.JsonObject.get(String)" is null
[10:09:46] [WARN] Failed to parse recipe 'allthecompressed:decompress/electrum_block_1x[minecraft:crafting_shapeless]'! Falling back to vanilla: ItemStack 'result' can't be empty!
[10:09:46] [WARN] Failed to parse recipe 'woot_revived:item_infuser/copper_enchanted_plate[woot_revived:item_infuser]'! Falling back to vanilla: Cannot invoke "com.google.gson.JsonElement.getAsString()" because the return value of "com.google.gson.JsonObject.get(String)" is null
[10:09:46] [WARN] Failed to parse recipe 'allthecompressed:decompress/nitro_crystal_block_1x[minecraft:crafting_shapeless]'! Falling back to vanilla: ItemStack 'result' can't be empty!
[10:09:46] [WARN] Failed to parse recipe 'woot_revived:item_infuser/yellow_dye_plate[woot_revived:item_infuser]'! Falling back to vanilla: Cannot invoke "com.google.gson.JsonElement.getAsString()" because the return value of "com.google.gson.JsonObject.get(String)" is null
[10:09:46] [WARN] Failed to parse recipe 'allthecompressed:decompress/aluminum_block_1x[minecraft:crafting_shapeless]'! Falling back to vanilla: ItemStack 'result' can't be empty!
[10:09:46] [WARN] Failed to parse recipe 'woot_revived:stygian_anvil/light_blue_dye_casing[woot_revived:stygian_anvil]'! Falling back to vanilla: ItemStack 'output' can't be empty!
[10:09:46] [WARN] Failed to parse recipe 'woot_revived:item_infuser/iron_enchanted_plate[woot_revived:item_infuser]'! Falling back to vanilla: Cannot invoke "com.google.gson.JsonElement.getAsString()" because the return value of "com.google.gson.JsonObject.get(String)" is null
[10:09:46] [WARN] Failed to parse recipe 'allthecompressed:decompress/ancient_stone_1x[minecraft:crafting_shapeless]'! Falling back to vanilla: ItemStack 'result' can't be empty!
[10:09:46] [WARN] Failed to parse recipe 'mekanism:processing/tin/slurry/clean[mekanism:washing]'! Falling back to vanilla: Cannot invoke "com.google.gson.JsonElement.getAsString()" because the return value of "com.google.gson.JsonObject.get(String)" is null
[10:09:46] [WARN] Failed to parse recipe 'allthecompressed:decompress/niotic_crystal_block_1x[minecraft:crafting_shapeless]'! Falling back to vanilla: ItemStack 'result' can't be empty!
[10:09:46] [WARN] Failed to parse recipe 'allthecompressed:decompress/iridium_block_1x[minecraft:crafting_shapeless]'! Falling back to vanilla: ItemStack 'result' can't be empty!
[10:09:46] [WARN] Failed to parse recipe 'allthecompressed:decompress/vibranium_block_1x[minecraft:crafting_shapeless]'! Falling back to vanilla: ItemStack 'result' can't be empty!
[10:09:46] [WARN] Failed to parse recipe 'woot_revived:stygian_anvil/gray_dye_casing[woot_revived:stygian_anvil]'! Falling back to vanilla: ItemStack 'output' can't be empty!
[10:09:46] [WARN] Failed to parse recipe 'woot_revived:stygian_anvil/shard_mold[woot_revived:stygian_anvil]'! Falling back to vanilla: ItemStack 'output' can't be empty!
[10:09:46] [INFO] Found 19625 recipes in 297.3 ms
[10:09:46] [INFO] Posted recipe events in 85.76 ms
[10:09:46] [WARN] Error parsing recipe allthecompressed:compress/unobtainium_vibranium_alloy_block_1x[minecraft:crafting_shaped]: {"type":"minecraft:crafting_shaped","category":"building","key":{},"pattern":["   ","   ","   "],"result":{"item":"allthecompressed:unobtainium_vibranium_alloy_block_1x"},"show_notification":true}: Index 0 out of bounds for length 0
[10:09:46] [WARN] Error parsing recipe allthecompressed:compress/tin_block_1x[minecraft:crafting_shaped]: {"type":"minecraft:crafting_shaped","category":"building","key":{},"pattern":["   ","   ","   "],"result":{"item":"allthecompressed:tin_block_1x"},"show_notification":true}: Index 0 out of bounds for length 0
[10:09:46] [WARN] Error parsing recipe allthecompressed:compress/aluminum_block_1x[minecraft:crafting_shaped]: {"type":"minecraft:crafting_shaped","category":"building","key":{},"pattern":["   ","   ","   "],"result":{"item":"allthecompressed:aluminum_block_1x"},"show_notification":true}: Index 0 out of bounds for length 0
[10:09:46] [WARN] Error parsing recipe allthecompressed:compress/sapphire_block_1x[minecraft:crafting_shaped]: {"type":"minecraft:crafting_shaped","category":"building","key":{},"pattern":["   ","   ","   "],"result":{"item":"allthecompressed:sapphire_block_1x"},"show_notification":true}: Index 0 out of bounds for length 0
[10:09:46] [WARN] Error parsing recipe allthecompressed:compress/lumium_block_1x[minecraft:crafting_shaped]: {"type":"minecraft:crafting_shaped","category":"building","key":{},"pattern":["   ","   ","   "],"result":{"item":"allthecompressed:lumium_block_1x"},"show_notification":true}: Index 0 out of bounds for length 0
[10:09:46] [WARN] Error parsing recipe allthecompressed:compress/platinum_block_1x[minecraft:crafting_shaped]: {"type":"minecraft:crafting_shaped","category":"building","key":{},"pattern":["   ","   ","   "],"result":{"item":"allthecompressed:platinum_block_1x"},"show_notification":true}: Index 0 out of bounds for length 0
[10:09:46] [WARN] Error parsing recipe allthecompressed:compress/allthemodium_block_1x[minecraft:crafting_shaped]: {"type":"minecraft:crafting_shaped","category":"building","key":{},"pattern":["   ","   ","   "],"result":{"item":"allthecompressed:allthemodium_block_1x"},"show_notification":true}: Index 0 out of bounds for length 0
[10:09:46] [WARN] Error parsing recipe allthecompressed:compress/flint_block_1x[minecraft:crafting_shaped]: {"type":"minecraft:crafting_shaped","category":"building","key":{},"pattern":["   ","   ","   "],"result":{"item":"allthecompressed:flint_block_1x"},"show_notification":true}: Index 0 out of bounds for length 0
[10:09:46] [WARN] Error parsing recipe allthecompressed:compress/zinc_block_1x[minecraft:crafting_shaped]: {"type":"minecraft:crafting_shaped","category":"building","key":{},"pattern":["   ","   ","   "],"result":{"item":"allthecompressed:zinc_block_1x"},"show_notification":true}: Index 0 out of bounds for length 0
[10:09:46] [WARN] Error parsing recipe thermal:furnace/allthecompressed/stone/deepslate/9x[thermal:furnace]: {"type":"thermal:furnace","ingredient":{"item":"allthecompressed:cobbled_deepslate_block_9x","count":1},"result":{"item":"allthecompressed:deepslate_block_9x"},"energy":2400000,"conditions":[{"type":"forge:and","values":[{"type":"forge:not","value":{"type":"forge:mod_loaded","modid":"compressium"}},{"type":"forge:mod_loaded","modid":"thermal"}]}]}: Invalid Thermal Series recipe: thermal:furnace/allthecompressed/stone/deepslate/9x
Refer to the recipe's ResourceLocation to find the mod responsible and let them know!
[10:09:46] [WARN] Error parsing recipe allthecompressed:compress/niotic_crystal_block_1x[minecraft:crafting_shaped]: {"type":"minecraft:crafting_shaped","category":"building","key":{},"pattern":["   ","   ","   "],"result":{"item":"allthecompressed:niotic_crystal_block_1x"},"show_notification":true}: Index 0 out of bounds for length 0
[10:09:46] [WARN] Error parsing recipe allthecompressed:compress/uranium_block_1x[minecraft:crafting_shaped]: {"type":"minecraft:crafting_shaped","category":"building","key":{},"pattern":["   ","   ","   "],"result":{"item":"allthecompressed:uranium_block_1x"},"show_notification":true}: Index 0 out of bounds for length 0
[10:09:46] [WARN] Error parsing recipe allthecompressed:compress/invar_block_1x[minecraft:crafting_shaped]: {"type":"minecraft:crafting_shaped","category":"building","key":{},"pattern":["   ","   ","   "],"result":{"item":"allthecompressed:invar_block_1x"},"show_notification":true}: Index 0 out of bounds for length 0
[10:09:46] [WARN] Error parsing recipe allthecompressed:compress/peridot_block_1x[minecraft:crafting_shaped]: {"type":"minecraft:crafting_shaped","category":"building","key":{},"pattern":["   ","   ","   "],"result":{"item":"allthecompressed:peridot_block_1x"},"show_notification":true}: Index 0 out of bounds for length 0
[10:09:46] [WARN] Error parsing recipe allthecompressed:compress/osmium_block_1x[minecraft:crafting_shaped]: {"type":"minecraft:crafting_shaped","category":"building","key":{},"pattern":["   ","   ","   "],"result":{"item":"allthecompressed:osmium_block_1x"},"show_notification":true}: Index 0 out of bounds for length 0
[10:09:46] [WARN] Error parsing recipe allthecompressed:compress/blaze_block_1x[minecraft:crafting_shaped]: {"type":"minecraft:crafting_shaped","category":"building","key":{},"pattern":["   ","   ","   "],"result":{"item":"allthecompressed:blaze_block_1x"},"show_notification":true}: Index 0 out of bounds for length 0
[10:09:46] [WARN] Error parsing recipe createcasing:crafting/chain_drive/creative_from_zinc[minecraft:crafting_shapeless]: {"type":"minecraft:crafting_shapeless","category":"misc","ingredients":[{"item":"create:creative_casing"},{"tag":"forge:nuggets/zinc"},{"tag":"forge:nuggets/zinc"},{"tag":"forge:nuggets/zinc"}],"result":{"item":"createcasing:creative_encased_chain_drive"}}: Unknown item 'create:creative_casing'
[10:09:46] [WARN] Error parsing recipe allthecompressed:compress/spirited_crystal_block_1x[minecraft:crafting_shaped]: {"type":"minecraft:crafting_shaped","category":"building","key":{},"pattern":["   ","   ","   "],"result":{"item":"allthecompressed:spirited_crystal_block_1x"},"show_notification":true}: Index 0 out of bounds for length 0
[10:09:46] [WARN] Error parsing recipe allthecompressed:compress/nickel_block_1x[minecraft:crafting_shaped]: {"type":"minecraft:crafting_shaped","category":"building","key":{},"pattern":["   ","   ","   "],"result":{"item":"allthecompressed:nickel_block_1x"},"show_notification":true}: Index 0 out of bounds for length 0
[10:09:46] [WARN] Error parsing recipe allthecompressed:compress/unobtainium_block_1x[minecraft:crafting_shaped]: {"type":"minecraft:crafting_shaped","category":"building","key":{},"pattern":["   ","   ","   "],"result":{"item":"allthecompressed:unobtainium_block_1x"},"show_notification":true}: Index 0 out of bounds for length 0
[10:09:46] [WARN] Error parsing recipe allthecompressed:compress/wax_block_1x[minecraft:crafting_shaped]: {"type":"minecraft:crafting_shaped","category":"building","key":{},"pattern":["   ","   ","   "],"result":{"item":"allthecompressed:wax_block_1x"},"show_notification":true}: Index 0 out of bounds for length 0
[10:09:46] [WARN] Error parsing recipe allthecompressed:compress/enderium_block_1x[minecraft:crafting_shaped]: {"type":"minecraft:crafting_shaped","category":"building","key":{},"pattern":["   ","   ","   "],"result":{"item":"allthecompressed:enderium_block_1x"},"show_notification":true}: Index 0 out of bounds for length 0
[10:09:46] [WARN] Error parsing recipe allthecompressed:compress/uraninite_block_1x[minecraft:crafting_shaped]: {"type":"minecraft:crafting_shaped","category":"building","key":{},"pattern":["   ","   ","   "],"result":{"item":"allthecompressed:uraninite_block_1x"},"show_notification":true}: Index 0 out of bounds for length 0
[10:09:46] [WARN] Error parsing recipe allthecompressed:compress/signalum_block_1x[minecraft:crafting_shaped]: {"type":"minecraft:crafting_shaped","category":"building","key":{},"pattern":["   ","   ","   "],"result":{"item":"allthecompressed:signalum_block_1x"},"show_notification":true}: Index 0 out of bounds for length 0
[10:09:46] [WARN] Error parsing recipe allthecompressed:compress/silver_block_1x[minecraft:crafting_shaped]: {"type":"minecraft:crafting_shaped","category":"building","key":{},"pattern":["   ","   ","   "],"result":{"item":"allthecompressed:silver_block_1x"},"show_notification":true}: Index 0 out of bounds for length 0
[10:09:46] [WARN] Error parsing recipe allthecompressed:compress/vibranium_block_1x[minecraft:crafting_shaped]: {"type":"minecraft:crafting_shaped","category":"building","key":{},"pattern":["   ","   ","   "],"result":{"item":"allthecompressed:vibranium_block_1x"},"show_notification":true}: Index 0 out of bounds for length 0
[10:09:46] [WARN] Error parsing recipe allthecompressed:compress/atm_star_block_1x[minecraft:crafting_shaped]: {"type":"minecraft:crafting_shaped","category":"building","key":{},"pattern":["   ","   ","   "],"result":{"item":"allthecompressed:atm_star_block_1x"},"show_notification":true}: Index 0 out of bounds for length 0
[10:09:46] [WARN] Error parsing recipe allthecompressed:compress/bronze_block_1x[minecraft:crafting_shaped]: {"type":"minecraft:crafting_shaped","category":"building","key":{},"pattern":["   ","   ","   "],"result":{"item":"allthecompressed:bronze_block_1x"},"show_notification":true}: Index 0 out of bounds for length 0
[10:09:46] [WARN] Error parsing recipe allthecompressed:compress/ruby_block_1x[minecraft:crafting_shaped]: {"type":"minecraft:crafting_shaped","category":"building","key":{},"pattern":["   ","   ","   "],"result":{"item":"allthecompressed:ruby_block_1x"},"show_notification":true}: Index 0 out of bounds for length 0
[10:09:46] [WARN] Error parsing recipe thermal:furnace/allthecompressed/stone/deepslate/1x[thermal:furnace]: {"type":"thermal:furnace","ingredient":{"item":"allthecompressed:cobbled_deepslate_block_1x","count":1},"result":{"item":"allthecompressed:deepslate_block_1x"},"energy":240000,"conditions":[{"type":"forge:and","values":[{"type":"forge:not","value":{"type":"forge:mod_loaded","modid":"compressium"}},{"type":"forge:mod_loaded","modid":"thermal"}]}]}: Invalid Thermal Series recipe: thermal:furnace/allthecompressed/stone/deepslate/1x
Refer to the recipe's ResourceLocation to find the mod responsible and let them know!
[10:09:46] [WARN] Error parsing recipe allthecompressed:compress/electrum_block_1x[minecraft:crafting_shaped]: {"type":"minecraft:crafting_shaped","category":"building","key":{},"pattern":["   ","   ","   "],"result":{"item":"allthecompressed:electrum_block_1x"},"show_notification":true}: Index 0 out of bounds for length 0
[10:09:46] [WARN] Error parsing recipe allthecompressed:compress/ender_pearl_block_1x[minecraft:crafting_shaped]: {"type":"minecraft:crafting_shaped","category":"building","key":{},"pattern":["   ","   ","   "],"result":{"item":"allthecompressed:ender_pearl_block_1x"},"show_notification":true}: Index 0 out of bounds for length 0
[10:09:46] [WARN] Error parsing recipe allthecompressed:compress/nether_star_block_1x[minecraft:crafting_shaped]: {"type":"minecraft:crafting_shaped","category":"building","key":{},"pattern":["   ","   ","   "],"result":{"item":"allthecompressed:nether_star_block_1x"},"show_notification":true}: Index 0 out of bounds for length 0
[10:09:46] [WARN] Error parsing recipe thermal:furnace/allthecompressed/stone/deepslate/2x[thermal:furnace]: {"type":"thermal:furnace","ingredient":{"item":"allthecompressed:cobbled_deepslate_block_2x","count":1},"result":{"item":"allthecompressed:deepslate_block_2x"},"energy":480000,"conditions":[{"type":"forge:and","values":[{"type":"forge:not","value":{"type":"forge:mod_loaded","modid":"compressium"}},{"type":"forge:mod_loaded","modid":"thermal"}]}]}: Invalid Thermal Series recipe: thermal:furnace/allthecompressed/stone/deepslate/2x
Refer to the recipe's ResourceLocation to find the mod responsible and let them know!
[10:09:46] [WARN] Error parsing recipe allthecompressed:compress/steel_block_1x[minecraft:crafting_shaped]: {"type":"minecraft:crafting_shaped","category":"building","key":{},"pattern":["   ","   ","   "],"result":{"item":"allthecompressed:steel_block_1x"},"show_notification":true}: Index 0 out of bounds for length 0
[10:09:46] [WARN] Error parsing recipe thermal:furnace/allthecompressed/terracotta/5x[thermal:furnace]: {"type":"thermal:furnace","ingredient":{"item":"allthecompressed:clay_block_5x","count":1},"result":{"item":"allthecompressed:terracotta_block_5x"},"energy":1200000,"conditions":[{"type":"forge:and","values":[{"type":"forge:not","value":{"type":"forge:mod_loaded","modid":"compressium"}},{"type":"forge:mod_loaded","modid":"thermal"}]}]}: Invalid Thermal Series recipe: thermal:furnace/allthecompressed/terracotta/5x
Refer to the recipe's ResourceLocation to find the mod responsible and let them know!
[10:09:46] [WARN] Error parsing recipe allthecompressed:compress/blazing_crystal_block_1x[minecraft:crafting_shaped]: {"type":"minecraft:crafting_shaped","category":"building","key":{},"pattern":["   ","   ","   "],"result":{"item":"allthecompressed:blazing_crystal_block_1x"},"show_notification":true}: Index 0 out of bounds for length 0
[10:09:46] [WARN] Error parsing recipe allthecompressed:compress/lead_block_1x[minecraft:crafting_shaped]: {"type":"minecraft:crafting_shaped","category":"building","key":{},"pattern":["   ","   ","   "],"result":{"item":"allthecompressed:lead_block_1x"},"show_notification":true}: Index 0 out of bounds for length 0
[10:09:46] [WARN] Error parsing recipe allthecompressed:compress/nitro_crystal_block_1x[minecraft:crafting_shaped]: {"type":"minecraft:crafting_shaped","category":"building","key":{},"pattern":["   ","   ","   "],"result":{"item":"allthecompressed:nitro_crystal_block_1x"},"show_notification":true}: Index 0 out of bounds for length 0
[10:09:46] [WARN] Error parsing recipe thermal:furnace/allthecompressed/stone/deepslate/3x[thermal:furnace]: {"type":"thermal:furnace","ingredient":{"item":"allthecompressed:cobbled_deepslate_block_3x","count":1},"result":{"item":"allthecompressed:deepslate_block_3x"},"energy":720000,"conditions":[{"type":"forge:and","values":[{"type":"forge:not","value":{"type":"forge:mod_loaded","modid":"compressium"}},{"type":"forge:mod_loaded","modid":"thermal"}]}]}: Invalid Thermal Series recipe: thermal:furnace/allthecompressed/stone/deepslate/3x
Refer to the recipe's ResourceLocation to find the mod responsible and let them know!
[10:09:46] [WARN] Error parsing recipe thermal:furnace/allthecompressed/terracotta/6x[thermal:furnace]: {"type":"thermal:furnace","ingredient":{"item":"allthecompressed:clay_block_6x","count":1},"result":{"item":"allthecompressed:terracotta_block_6x"},"energy":1440000,"conditions":[{"type":"forge:and","values":[{"type":"forge:not","value":{"type":"forge:mod_loaded","modid":"compressium"}},{"type":"forge:mod_loaded","modid":"thermal"}]}]}: Invalid Thermal Series recipe: thermal:furnace/allthecompressed/terracotta/6x
Refer to the recipe's ResourceLocation to find the mod responsible and let them know!
[10:09:46] [WARN] Error parsing recipe thermal:furnace/allthecompressed/terracotta/1x[thermal:furnace]: {"type":"thermal:furnace","ingredient":{"item":"allthecompressed:clay_block_1x","count":1},"result":{"item":"allthecompressed:terracotta_block_1x"},"energy":240000,"conditions":[{"type":"forge:and","values":[{"type":"forge:not","value":{"type":"forge:mod_loaded","modid":"compressium"}},{"type":"forge:mod_loaded","modid":"thermal"}]}]}: Invalid Thermal Series recipe: thermal:furnace/allthecompressed/terracotta/1x
Refer to the recipe's ResourceLocation to find the mod responsible and let them know!
[10:09:46] [WARN] Error parsing recipe allthecompressed:compress/vibranium_allthemodium_alloy_block_1x[minecraft:crafting_shaped]: {"type":"minecraft:crafting_shaped","category":"building","key":{},"pattern":["   ","   ","   "],"result":{"item":"allthecompressed:vibranium_allthemodium_alloy_block_1x"},"show_notification":true}: Index 0 out of bounds for length 0
[10:09:46] [WARN] Error parsing recipe allthecompressed:compress/iridium_block_1x[minecraft:crafting_shaped]: {"type":"minecraft:crafting_shaped","category":"building","key":{},"pattern":["   ","   ","   "],"result":{"item":"allthecompressed:iridium_block_1x"},"show_notification":true}: Index 0 out of bounds for length 0
[10:09:46] [WARN] Error parsing recipe thermal:furnace/allthecompressed/stone/deepslate/5x[thermal:furnace]: {"type":"thermal:furnace","ingredient":{"item":"allthecompressed:cobbled_deepslate_block_5x","count":1},"result":{"item":"allthecompressed:deepslate_block_5x"},"energy":1200000,"conditions":[{"type":"forge:and","values":[{"type":"forge:not","value":{"type":"forge:mod_loaded","modid":"compressium"}},{"type":"forge:mod_loaded","modid":"thermal"}]}]}: Invalid Thermal Series recipe: thermal:furnace/allthecompressed/stone/deepslate/5x
Refer to the recipe's ResourceLocation to find the mod responsible and let them know!
[10:09:46] [WARN] Error parsing recipe thermal:furnace/allthecompressed/terracotta/3x[thermal:furnace]: {"type":"thermal:furnace","ingredient":{"item":"allthecompressed:clay_block_3x","count":1},"result":{"item":"allthecompressed:terracotta_block_3x"},"energy":720000,"conditions":[{"type":"forge:and","values":[{"type":"forge:not","value":{"type":"forge:mod_loaded","modid":"compressium"}},{"type":"forge:mod_loaded","modid":"thermal"}]}]}: Invalid Thermal Series recipe: thermal:furnace/allthecompressed/terracotta/3x
Refer to the recipe's ResourceLocation to find the mod responsible and let them know!
[10:09:46] [WARN] Error parsing recipe allthecompressed:compress/constantan_block_1x[minecraft:crafting_shaped]: {"type":"minecraft:crafting_shaped","category":"building","key":{},"pattern":["   ","   ","   "],"result":{"item":"allthecompressed:constantan_block_1x"},"show_notification":true}: Index 0 out of bounds for length 0
[10:09:46] [WARN] Error parsing recipe thermal:furnace/allthecompressed/terracotta/2x[thermal:furnace]: {"type":"thermal:furnace","ingredient":{"item":"allthecompressed:clay_block_2x","count":1},"result":{"item":"allthecompressed:terracotta_block_2x"},"energy":480000,"conditions":[{"type":"forge:and","values":[{"type":"forge:not","value":{"type":"forge:mod_loaded","modid":"compressium"}},{"type":"forge:mod_loaded","modid":"thermal"}]}]}: Invalid Thermal Series recipe: thermal:furnace/allthecompressed/terracotta/2x
Refer to the recipe's ResourceLocation to find the mod responsible and let them know!
[10:09:46] [WARN] Error parsing recipe allthecompressed:compress/ancient_log_0_1x[minecraft:crafting_shaped]: {"type":"minecraft:crafting_shaped","category":"building","key":{},"pattern":["   ","   ","   "],"result":{"item":"allthecompressed:ancient_log_0_1x"},"show_notification":true}: Index 0 out of bounds for length 0
[10:09:46] [WARN] Error parsing recipe thermal:furnace/allthecompressed/stone/deepslate/4x[thermal:furnace]: {"type":"thermal:furnace","ingredient":{"item":"allthecompressed:cobbled_deepslate_block_4x","count":1},"result":{"item":"allthecompressed:deepslate_block_4x"},"energy":960000,"conditions":[{"type":"forge:and","values":[{"type":"forge:not","value":{"type":"forge:mod_loaded","modid":"compressium"}},{"type":"forge:mod_loaded","modid":"thermal"}]}]}: Invalid Thermal Series recipe: thermal:furnace/allthecompressed/stone/deepslate/4x
Refer to the recipe's ResourceLocation to find the mod responsible and let them know!
[10:09:46] [WARN] Error parsing recipe thermal:furnace/allthecompressed/terracotta/4x[thermal:furnace]: {"type":"thermal:furnace","ingredient":{"item":"allthecompressed:clay_block_4x","count":1},"result":{"item":"allthecompressed:terracotta_block_4x"},"energy":960000,"conditions":[{"type":"forge:and","values":[{"type":"forge:not","value":{"type":"forge:mod_loaded","modid":"compressium"}},{"type":"forge:mod_loaded","modid":"thermal"}]}]}: Invalid Thermal Series recipe: thermal:furnace/allthecompressed/terracotta/4x
Refer to the recipe's ResourceLocation to find the mod responsible and let them know!
[10:09:46] [WARN] Error parsing recipe allthecompressed:compress/ancient_stone_1x[minecraft:crafting_shaped]: {"type":"minecraft:crafting_shaped","category":"building","key":{},"pattern":["   ","   ","   "],"result":{"item":"allthecompressed:ancient_stone_1x"},"show_notification":true}: Index 0 out of bounds for length 0
[10:09:46] [WARN] Error parsing recipe thermal:furnace/allthecompressed/stone/deepslate/6x[thermal:furnace]: {"type":"thermal:furnace","ingredient":{"item":"allthecompressed:cobbled_deepslate_block_6x","count":1},"result":{"item":"allthecompressed:deepslate_block_6x"},"energy":1440000,"conditions":[{"type":"forge:and","values":[{"type":"forge:not","value":{"type":"forge:mod_loaded","modid":"compressium"}},{"type":"forge:mod_loaded","modid":"thermal"}]}]}: Invalid Thermal Series recipe: thermal:furnace/allthecompressed/stone/deepslate/6x
Refer to the recipe's ResourceLocation to find the mod responsible and let them know!
[10:09:46] [WARN] Error parsing recipe thermal:furnace/allthecompressed/terracotta/9x[thermal:furnace]: {"type":"thermal:furnace","ingredient":{"item":"allthecompressed:clay_block_9x","count":1},"result":{"item":"allthecompressed:terracotta_block_9x"},"energy":2400000,"conditions":[{"type":"forge:and","values":[{"type":"forge:not","value":{"type":"forge:mod_loaded","modid":"compressium"}},{"type":"forge:mod_loaded","modid":"thermal"}]}]}: Invalid Thermal Series recipe: thermal:furnace/allthecompressed/terracotta/9x
Refer to the recipe's ResourceLocation to find the mod responsible and let them know!
[10:09:46] [WARN] Error parsing recipe thermal:furnace/allthecompressed/stone/deepslate/7x[thermal:furnace]: {"type":"thermal:furnace","ingredient":{"item":"allthecompressed:cobbled_deepslate_block_7x","count":1},"result":{"item":"allthecompressed:deepslate_block_7x"},"energy":1680000,"conditions":[{"type":"forge:and","values":[{"type":"forge:not","value":{"type":"forge:mod_loaded","modid":"compressium"}},{"type":"forge:mod_loaded","modid":"thermal"}]}]}: Invalid Thermal Series recipe: thermal:furnace/allthecompressed/stone/deepslate/7x
Refer to the recipe's ResourceLocation to find the mod responsible and let them know!
[10:09:46] [WARN] Error parsing recipe thermal:furnace/allthecompressed/terracotta/7x[thermal:furnace]: {"type":"thermal:furnace","ingredient":{"item":"allthecompressed:clay_block_7x","count":1},"result":{"item":"allthecompressed:terracotta_block_7x"},"energy":1680000,"conditions":[{"type":"forge:and","values":[{"type":"forge:not","value":{"type":"forge:mod_loaded","modid":"compressium"}},{"type":"forge:mod_loaded","modid":"thermal"}]}]}: Invalid Thermal Series recipe: thermal:furnace/allthecompressed/terracotta/7x
Refer to the recipe's ResourceLocation to find the mod responsible and let them know!
[10:09:46] [WARN] Error parsing recipe thermal:furnace/allthecompressed/stone/deepslate/8x[thermal:furnace]: {"type":"thermal:furnace","ingredient":{"item":"allthecompressed:cobbled_deepslate_block_8x","count":1},"result":{"item":"allthecompressed:deepslate_block_8x"},"energy":2160000,"conditions":[{"type":"forge:and","values":[{"type":"forge:not","value":{"type":"forge:mod_loaded","modid":"compressium"}},{"type":"forge:mod_loaded","modid":"thermal"}]}]}: Invalid Thermal Series recipe: thermal:furnace/allthecompressed/stone/deepslate/8x
Refer to the recipe's ResourceLocation to find the mod responsible and let them know!
[10:09:46] [WARN] Error parsing recipe thermal:furnace/allthecompressed/terracotta/8x[thermal:furnace]: {"type":"thermal:furnace","ingredient":{"item":"allthecompressed:clay_block_8x","count":1},"result":{"item":"allthecompressed:terracotta_block_8x"},"energy":2160000,"conditions":[{"type":"forge:and","values":[{"type":"forge:not","value":{"type":"forge:mod_loaded","modid":"compressium"}},{"type":"forge:mod_loaded","modid":"thermal"}]}]}: Invalid Thermal Series recipe: thermal:furnace/allthecompressed/terracotta/8x
Refer to the recipe's ResourceLocation to find the mod responsible and let them know!
[10:09:46] [WARN] Error parsing recipe allthecompressed:compress/energized_steel_block_1x[minecraft:crafting_shaped]: {"type":"minecraft:crafting_shaped","category":"building","key":{},"pattern":["   ","   ","   "],"result":{"item":"allthecompressed:energized_steel_block_1x"},"show_notification":true}: Index 0 out of bounds for length 0
[10:09:46] [WARN] Error parsing recipe allthecompressed:compress/unobtainium_allthemodium_alloy_block_1x[minecraft:crafting_shaped]: {"type":"minecraft:crafting_shaped","category":"building","key":{},"pattern":["   ","   ","   "],"result":{"item":"allthecompressed:unobtainium_allthemodium_alloy_block_1x"},"show_notification":true}: Index 0 out of bounds for length 0
[10:09:47] [INFO] Added 13 recipes, removed 4 recipes, modified 54 recipes, with 60 failed recipes in 254.7 ms
[10:09:56] [INFO] Server resource reload complete!
