[10:09:06] [INIT] KubeJS 2001.6.5-build.16; MC 2001 forge
[10:09:06] [INIT] Loaded plugins:
[10:09:06] [INIT] - dev.latvian.mods.kubejs.forge.BuiltinKubeJSForgePlugin
[10:09:06] [INIT] - dev.latvian.mods.kubejs.forge.BuiltinKubeJSForgeClientPlugin
[10:09:06] [INIT] - dev.latvian.mods.kubejs.integration.forge.gamestages.GameStagesIntegration
[10:09:06] [INIT] - dev.latvian.kubejs.mekanism.MekanismKubeJSPlugin
[10:09:06] [INIT] - com.oierbravo.createmechanicalextruder.compat.kubejs.KubeJSCreateMechanicalExtruderPlugin
[10:09:06] [INIT] - dev.ftb.mods.ftbxmodcompat.ftbquests.kubejs.KubeJSIntegration
[10:09:06] [INIT] - dev.ftb.mods.ftbxmodcompat.ftbchunks.kubejs.FTBChunksKubeJSPlugin
[10:09:06] [INIT] - dev.ftb.mods.ftbxmodcompat.ftbteams.kubejs.FTBTeamsKubeJSPlugin
[10:09:06] [INIT] - com.blakebr0.cucumber.compat.kubejs.CucumberKubeJSPlugin
[10:09:06] [INIT] - com.almostreliable.ponderjs.KubePlugin
[10:09:06] [INIT] - dev.latvian.mods.kubejs.thermal.KubeJSThermalPlugin
[10:09:06] [INIT] - wootrevived.woot.compat.kubejs.WootKubeJSPlugin
[10:09:06] [INIT] - com.tom.createores.kubejs.KubeJSExcavation
[10:09:06] [INIT] - dev.latvian.mods.kubejs.create.KubeJSCreatePlugin
[10:09:06] [INIT] - dev.sorin.kubejsextendedcrafting.KubejsExtendedCraftingPlugin
[10:09:07] [INFO] Loaded script startup_scripts:items.js in 0.16 s
[10:09:07] [INFO] Loaded script startup_scripts:mod_names.js in 0.003 s
[10:09:07] [INFO] Loaded script startup_scripts:planet_ores.js in 0.001 s
[10:09:07] [INFO] Loaded 3/3 KubeJS startup scripts in 0.804 s with 0 errors and 0 warnings
